<?xml version="1.0" encoding="UTF-8"?>
<!-- Generated by org.testng.reporters.JUnitReportReporter -->
<testsuite hostname="LOKANATH-SWAMI" failures="0" tests="3" name="testCases.HomePageTest" time="0.170" errors="0" timestamp="2022-03-04T07:22:02 IST" skipped="0">
  <testcase classname="testCases.HomePageTest" name="centralTitleValidation" time="0.053"/>
  <system-out/>
  <testcase classname="testCases.HomePageTest" name="headerTextValidation" time="0.039"/>
  <system-out/>
  <testcase classname="testCases.HomePageTest" name="navBarValidation" time="0.078"/>
  <system-out/>
</testsuite> <!-- testCases.HomePageTest -->
