<?xml version="1.0" encoding="UTF-8"?>
<!-- Generated by org.testng.reporters.JUnitReportReporter -->
<testsuite hostname="LOKANATH-SWAMI" failures="0" tests="1" name="TestCases.Testone" time="11.546" errors="0" timestamp="2022-02-23T12:44:31 IST" skipped="0">
  <testcase classname="TestCases.Testone" name="TrialTest" time="11.546"/>
  <system-out/>
</testsuite> <!-- TestCases.Testone -->
