<?xml version="1.0" encoding="UTF-8"?>
<!-- Generated by org.testng.reporters.JUnitReportReporter -->
<testsuite hostname="LOKANATH-SWAMI" failures="0" tests="3" name="testCases.TitleValidationTest" time="0.151" errors="0" timestamp="2022-03-01T23:32:09 IST" skipped="0">
  <testcase classname="testCases.TitleValidationTest" name="method3" time="0.030"/>
  <system-out/>
  <testcase classname="testCases.TitleValidationTest" name="method2" time="0.070"/>
  <system-out/>
  <testcase classname="testCases.TitleValidationTest" name="method1" time="0.051"/>
  <system-out/>
</testsuite> <!-- testCases.TitleValidationTest -->
