<?xml version="1.0" encoding="UTF-8"?>
<!-- Generated by org.testng.reporters.JUnitReportReporter -->
<testsuite hostname="LOKANATH-SWAMI" failures="0" tests="1" name="TestCases.TitleValidation" time="0.088" errors="0" timestamp="2022-02-27T21:31:44 IST" skipped="0">
  <testcase classname="TestCases.TitleValidation" name="method1" time="0.088"/>
  <system-out/>
</testsuite> <!-- TestCases.TitleValidation -->
