<?xml version="1.0" encoding="UTF-8"?>
<!-- Generated by org.testng.reporters.JUnitReportReporter -->
<testsuite hostname="LOKANATH-SWAMI" failures="0" tests="3" name="testCases.LoginPageTest" time="10.706" errors="0" timestamp="2022-03-04T07:22:02 IST" skipped="0">
  <testcase classname="testCases.LoginPageTest" name="loginTestValidation" time="3.812"/>
  <system-out/>
  <testcase classname="testCases.LoginPageTest" name="forgotPasswordValidation" time="3.229"/>
  <system-out/>
  <testcase classname="testCases.LoginPageTest" name="loginTestValidation" time="3.665"/>
  <system-out/>
</testsuite> <!-- testCases.LoginPageTest -->
