<?xml version="1.0" encoding="UTF-8"?>
<!-- Generated by org.testng.reporters.JUnitReportReporter -->
<testsuite hostname="LOKANATH-SWAMI" failures="0" tests="3" name="testCases.LoginTest" time="11.652" errors="0" timestamp="2022-03-01T23:32:09 IST" skipped="0">
  <testcase classname="testCases.LoginTest" name="method1" time="0.588"/>
  <system-out/>
  <testcase classname="testCases.LoginTest" name="Test1" time="6.760"/>
  <system-out/>
  <testcase classname="testCases.LoginTest" name="Test1" time="4.304"/>
  <system-out/>
</testsuite> <!-- testCases.LoginTest -->
