<?xml version="1.0" encoding="UTF-8"?>
<!-- Generated by org.testng.reporters.JUnitReportReporter -->
<testsuite hostname="LOKANATH-SWAMI" failures="0" tests="2" name="TestCases.Test_01" time="7.298" errors="0" timestamp="2022-02-24T07:18:11 IST" skipped="0">
  <testcase classname="TestCases.Test_01" name="TrialTest" time="4.215"/>
  <system-out/>
  <testcase classname="TestCases.Test_01" name="TrialTest" time="3.083"/>
  <system-out/>
</testsuite> <!-- TestCases.Test_01 -->
