<?xml version="1.0" encoding="UTF-8"?>
<!-- Generated by org.testng.reporters.JUnitReportReporter -->
<testsuite hostname="LOKANATH-SWAMI" failures="0" tests="3" name="testCases.LoginPageTest" time="33.594" errors="0" timestamp="2022-03-02T20:28:19 IST" skipped="0">
  <testcase classname="testCases.LoginPageTest" name="forgotPasswordValidation" time="26.470"/>
  <system-out/>
  <testcase classname="testCases.LoginPageTest" name="loginTestValidation" time="3.490"/>
  <system-out/>
  <testcase classname="testCases.LoginPageTest" name="loginTestValidation" time="3.634"/>
  <system-out/>
</testsuite> <!-- testCases.LoginPageTest -->
