<?xml version="1.0" encoding="UTF-8"?>
<!-- Generated by org.testng.reporters.JUnitReportReporter -->
<testsuite hostname="LOKANATH-SWAMI" failures="0" tests="3" name="testCases.HomePageTest" time="0.126" errors="0" timestamp="2022-03-02T20:28:19 IST" skipped="0">
  <testcase classname="testCases.HomePageTest" name="centralTitleValidation" time="0.044"/>
  <system-out/>
  <testcase classname="testCases.HomePageTest" name="navBarValidation" time="0.051"/>
  <system-out/>
  <testcase classname="testCases.HomePageTest" name="headerTextValidation" time="0.031"/>
  <system-out/>
</testsuite> <!-- testCases.HomePageTest -->
